\BOOKMARK [1][-]{section.1}{\376\377\000I\000n\000t\000r\000o\000d\000u\000c\000t\000i\000o\000n}{}% 1
\BOOKMARK [1][-]{section.2}{\376\377\000C\000o\000n\000t\000e\000x\000t\000e\000\040\000d\000u\000\040\000s\000t\000a\000g\000e\000\040\000e\000t\000\040\000o\000r\000g\000a\000n\000i\000s\000a\000t\000i\000o\000n\000\040\000d\000e\000\040\000l\000'\000e\000n\000t\000r\000e\000p\000r\000i\000s\000e}{}% 2
\BOOKMARK [2][-]{subsection.2.1}{\376\377\000G\000r\000o\000u\000p\000e\000\040\000T\000h\000a\000l\000e\000s}{section.2}% 3
\BOOKMARK [2][-]{subsection.2.2}{\376\377\000T\000h\000a\000l\000e\000s\000\040\000S\000e\000r\000v\000i\000c\000e\000\040\000N\000u\000m\000\351\000r\000i\000q\000u\000e\000\040\000\050\000T\000S\000N\000\051}{section.2}% 4
\BOOKMARK [2][-]{subsection.2.3}{\376\377\000D\000i\000r\000e\000c\000t\000i\000o\000n\000\040\000T\000e\000c\000h\000n\000i\000q\000u\000e\000\040\000\050\000D\000T\000\051}{section.2}% 5
\BOOKMARK [2][-]{subsection.2.4}{\376\377\000L\000e\000\040\000p\000o\000s\000i\000t\000i\000o\000n\000n\000e\000m\000e\000n\000t\000\040\000d\000u\000\040\000s\000t\000a\000g\000e\000\040\000d\000a\000n\000s\000\040\000l\000e\000s\000\040\000t\000r\000a\000v\000e\000a\000u\000x\000\040\000d\000e\000\040\000l\000'\000e\000n\000t\000r\000e\000p\000r\000i\000s\000e}{section.2}% 6
\BOOKMARK [1][-]{section.3}{\376\377\000T\000r\000a\000v\000a\000u\000x\000\040\000r\000\351\000a\000l\000i\000s\000\351}{}% 7
\BOOKMARK [2][-]{subsection.3.1}{\376\377\000C\000h\000i\000f\000f\000r\000e\000m\000e\000n\000t}{section.3}% 8
\BOOKMARK [3][-]{subsubsection.3.1.1}{\376\377\000A\000E\000S}{subsection.3.1}% 9
\BOOKMARK [3][-]{subsubsection.3.1.2}{\376\377\000A\000E\000S\000\040\000C\000B\000C}{subsection.3.1}% 10
\BOOKMARK [3][-]{subsubsection.3.1.3}{\376\377\000A\000E\000S\000\040\000G\000C\000M}{subsection.3.1}% 11
\BOOKMARK [3][-]{subsubsection.3.1.4}{\376\377\000P\000r\000o\000g\000r\000a\000m\000m\000e\000\040\000d\000e\000\040\000c\000h\000i\000f\000f\000r\000e\000m\000e\000n\000t\000/\000d\000\351\000c\000h\000i\000f\000f\000r\000e\000m\000e\000n\000t}{subsection.3.1}% 12
\BOOKMARK [2][-]{subsection.3.2}{\376\377\000H\000S\000M}{section.3}% 13
\BOOKMARK [2][-]{subsection.3.3}{\376\377\000S\000i\000g\000n\000a\000t\000u\000r\000e}{section.3}% 14
\BOOKMARK [3][-]{subsubsection.3.3.1}{\376\377\000R\000S\000A}{subsection.3.3}% 15
\BOOKMARK [3][-]{subsubsection.3.3.2}{\376\377\000C\000o\000u\000r\000b\000e\000s\000\040\000e\000l\000l\000i\000p\000t\000i\000q\000u\000e\000s\000\040\000a\000v\000e\000c\000\040\000E\000d\0002\0005\0005\0001\0009}{subsection.3.3}% 16
\BOOKMARK [3][-]{subsubsection.3.3.3}{\376\377\000S\000e\000r\000v\000e\000u\000r\000\040\000s\000i\000g\000n\000a\000t\000u\000r\000e}{subsection.3.3}% 17
\BOOKMARK [2][-]{subsection.3.4}{\376\377\000W\000i\000r\000e\000g\000u\000a\000r\000d}{section.3}% 18
\BOOKMARK [3][-]{subsubsection.3.4.1}{\376\377\000C\000o\000n\000f\000i\000g\000u\000r\000a\000t\000i\000o\000n}{subsection.3.4}% 19
\BOOKMARK [3][-]{subsubsection.3.4.2}{\376\377\000M\000i\000s\000e\000\040\000e\000n\000\040\000p\000l\000a\000c\000e}{subsection.3.4}% 20
\BOOKMARK [2][-]{subsection.3.5}{\376\377\000P\000o\000r\000t\000\040\000k\000n\000o\000c\000k\000i\000n\000g\000E\000n\000\040\000r\000\351\000a\000l\000i\000t\000\351\000,\000\040\000j\000e\000\040\000n\000e\000\040\000f\000a\000i\000s\000\040\000p\000a\000s\000\040\000d\000u\000\040\000P\000o\000r\000t\000\040\000k\000n\000o\000c\000k\000i\000n\000g\000\040\000m\000a\000i\000s\000\040\000d\000u\000\040\000S\000P\000A\000\040\000\050\000S\000i\000n\000g\000l\000e\000\040\000P\000a\000c\000k\000e\000t\000\040\000A\000u\000t\000h\000o\000r\000i\000z\000a\000t\000i\000o\000n\000\051\000\040\000q\000u\000i\000,\000\040\000\340\000\040\000l\000a\000\040\000d\000i\000f\000f\000\351\000r\000e\000n\000c\000e\000\040\000d\000u\000\040\000p\000o\000r\000t\000\040\000k\000n\000o\000c\000k\000i\000n\000g\000\040\000i\000n\000c\000l\000u\000\040\000d\000e\000\040\000l\000a\000\040\000c\000r\000y\000p\000t\000o\000g\000r\000a\000p\000h\000i\000e\000\040\000e\000t\000\040\000e\000s\000t\000\040\000b\000i\000e\000n\000\040\000p\000l\000u\000s\000\040\000s\000\351\000c\000u\000r\000i\000s\000\351}{section.3}% 21
\BOOKMARK [3][-]{subsubsection.3.5.1}{\376\377\000P\000r\000o\000b\000l\000\350\000m\000e\000\040\000e\000t\000\040\000s\000o\000l\000u\000t\000i\000o\000n}{subsection.3.5}% 22
\BOOKMARK [3][-]{subsubsection.3.5.2}{\376\377\000M\000o\000n\000\040\000i\000m\000p\000l\000\351\000m\000e\000n\000t\000a\000t\000i\000o\000n}{subsection.3.5}% 23
\BOOKMARK [2][-]{subsection.3.6}{\376\377\000S\000i\000g\000n\000a\000l}{section.3}% 24
\BOOKMARK [3][-]{subsubsection.3.6.1}{\376\377\000E\000x\000t\000e\000n\000d\000e\000d\000\040\000T\000r\000i\000p\000l\000e\000\040\000D\000i\000f\000f\000i\000e\000-\000H\000e\000l\000l\000m\000a\000n\000\040\000\050\000X\0003\000D\000H\000\051}{subsection.3.6}% 25
\BOOKMARK [3][-]{subsubsection.3.6.2}{\376\377\000D\000o\000u\000b\000l\000e\000\040\000r\000a\000t\000c\000h\000e\000t}{subsection.3.6}% 26
\BOOKMARK [2][-]{subsection.3.7}{\376\377\000A\000l\000g\000o\000r\000i\000t\000h\000m\000e\000s\000\040\000p\000o\000s\000t\000-\000q\000u\000a\000n\000t\000i\000q\000u\000e\000s}{section.3}% 27
\BOOKMARK [1][-]{section.4}{\376\377\000C\000o\000n\000c\000l\000u\000s\000i\000o\000n}{}% 28
